[00:52:47.538][info] [#0:C:/Users/HaloGamer33/AppData/Local/nvim-data/mason/packages/lua-language-server\main.lua:66]: Lua Lsp startup, root: 	C:/Users/HaloGamer33/AppData/Local/nvim-data/mason/packages/lua-language-server
[00:52:47.538][info] [#0:C:/Users/HaloGamer33/AppData/Local/nvim-data/mason/packages/lua-language-server\main.lua:67]: ROOT:	C:/Users/HaloGamer33/AppData/Local/nvim-data/mason/packages/lua-language-server
[00:52:47.538][info] [#0:C:/Users/HaloGamer33/AppData/Local/nvim-data/mason/packages/lua-language-server\main.lua:68]: LOGPATH:	C:/Users/HaloGamer33/AppData/Local/nvim-data/mason/packages/lua-language-server/log
[00:52:47.538][info] [#0:C:/Users/HaloGamer33/AppData/Local/nvim-data/mason/packages/lua-language-server\main.lua:69]: METAPATH:	C:/Users/HaloGamer33/AppData/Local/nvim-data/mason/packages/lua-language-server/meta
[00:52:47.569][info] [#0:C:/Users/HaloGamer33/AppData/Local/nvim-data/mason/packages/lua-language-server\main.lua:70]: VERSION:	3.7.0
[00:52:49.038][info] [#0:script\service\service.lua:144]: 
========= Medical Examination Report =========
    --------------- Memory ---------------
        Total: 2.141 MB
        # 00 : 2.141 MB
        # 01 : 0.000 MB
        # 02 : 0.000 MB
        # 03 : 0.000 MB
        # 04 : 0.000 MB
    --------------- Coroutine ---------------
        Total:     0
        Running:   0
        Suspended: 0
        Normal:    0
        Dead:      0
    --------------- Cache ---------------
        Total: 1
        Dead:  0
    ---------------  RPC  ---------------
        Holdon:   0
        Waiting:  0
==============================================
[00:52:49.194][info] [#0:script\client.lua:657]: Client init	{
  capabilities = {
    general = {
      positionEncodings = { "utf-16" }
    },
    textDocument = {
      callHierarchy = {
        dynamicRegistration = false
      },
      codeAction = {
        codeActionLiteralSupport = {
          codeActionKind = {
            valueSet = { "", "quickfix", "refactor", "refactor.extract", "refactor.inline", "refactor.rewrite", "source", "source.organizeImports" }
          }
        },
        dataSupport = true,
        dynamicRegistration = true,
        isPreferredSupport = true,
        resolveSupport = {
          properties = { "edit" }
        }
      },
      completion = {
        completionItem = {
          commitCharactersSupport = false,
          deprecatedSupport = false,
          documentationFormat = { "markdown", "plaintext" },
          preselectSupport = false,
          snippetSupport = false
        },
        completionItemKind = {
          valueSet = { 1, 2, 3, 4, 5, 6, 7, 8, 9, 10, 11, 12, 13, 14, 15, 16, 17, 18, 19, 20, 21, 22, 23, 24, 25 }
        },
        contextSupport = false,
        dynamicRegistration = false
      },
      declaration = {
        linkSupport = true
      },
      definition = {
        dynamicRegistration = true,
        linkSupport = true
      },
      diagnostic = {
        dynamicRegistration = false
      },
      documentHighlight = {
        dynamicRegistration = false
      },
      documentSymbol = {
        dynamicRegistration = false,
        hierarchicalDocumentSymbolSupport = true,
        symbolKind = {
          valueSet = { 1, 2, 3, 4, 5, 6, 7, 8, 9, 10, 11, 12, 13, 14, 15, 16, 17, 18, 19, 20, 21, 22, 23, 24, 25, 26 }
        }
      },
      formatting = {
        dynamicRegistration = true
      },
      hover = {
        contentFormat = { "markdown", "plaintext" },
        dynamicRegistration = true
      },
      implementation = {
        linkSupport = true
      },
      inlayHint = {
        dynamicRegistration = true,
        resolveSupport = {
          properties = {}
        }
      },
      publishDiagnostics = {
        dataSupport = true,
        relatedInformation = true,
        tagSupport = {
          valueSet = { 1, 2 }
        }
      },
      rangeFormatting = {
        dynamicRegistration = true
      },
      references = {
        dynamicRegistration = false
      },
      rename = {
        dynamicRegistration = true,
        prepareSupport = true
      },
      semanticTokens = {
        augmentsSyntaxTokens = true,
        dynamicRegistration = false,
        formats = { "relative" },
        multilineTokenSupport = false,
        overlappingTokenSupport = true,
        requests = {
          full = {
            delta = true
          },
          range = false
        },
        serverCancelSupport = false,
        tokenModifiers = { "declaration", "definition", "readonly", "static", "deprecated", "abstract", "async", "modification", "documentation", "defaultLibrary" },
        tokenTypes = { "namespace", "type", "class", "enum", "interface", "struct", "typeParameter", "parameter", "variable", "property", "enumMember", "event", "function", "method", "macro", "keyword", "modifier", "comment", "string", "number", "regexp", "operator", "decorator" }
      },
      signatureHelp = {
        dynamicRegistration = false,
        signatureInformation = {
          activeParameterSupport = true,
          documentationFormat = { "markdown", "plaintext" },
          parameterInformation = {
            labelOffsetSupport = true
          }
        }
      },
      synchronization = {
        didSave = true,
        dynamicRegistration = false,
        willSave = true,
        willSaveWaitUntil = true
      },
      typeDefinition = {
        linkSupport = true
      }
    },
    window = {
      showDocument = {
        support = true
      },
      showMessage = {
        messageActionItem = {
          additionalPropertiesSupport = false
        }
      },
      workDoneProgress = true
    },
    workspace = {
      applyEdit = true,
      configuration = true,
      didChangeWatchedFiles = {
        dynamicRegistration = true,
        relativePatternSupport = true
      },
      inlayHint = {
        refreshSupport = true
      },
      semanticTokens = {
        refreshSupport = true
      },
      symbol = {
        dynamicRegistration = false,
        symbolKind = {
          valueSet = { 1, 2, 3, 4, 5, 6, 7, 8, 9, 10, 11, 12, 13, 14, 15, 16, 17, 18, 19, 20, 21, 22, 23, 24, 25, 26 }
        }
      },
      workspaceEdit = {
        resourceOperations = { "rename", "create", "delete" }
      },
      workspaceFolders = true
    }
  },
  clientInfo = {
    name = "Neovim",
    version = "0.10.0-dev+6405fa4"
  },
  initializationOptions = {},
  processId = 20048,
  rootPath = "C:\\Users\\HaloGamer33\\AppData\\Local\\nvim\\lua\\",
  rootUri = "file:///C:/Users/HaloGamer33/AppData/Local/nvim/lua/",
  trace = "off",
  workspaceFolders = { {
      name = "C:/Users/HaloGamer33/AppData/Local/nvim/lua/",
      uri = "file:///C:/Users/HaloGamer33/AppData/Local/nvim/lua/"
    } }
}
[00:52:49.194][info] [#0:script\language.lua:137]: VSC language: nil
[00:52:49.194][info] [#0:script\language.lua:138]: LS  language: en-us
[00:52:49.194][info] [#0:script\workspace\workspace.lua:38]: Workspace init root: 	file:///C:/Users/HaloGamer33/AppData/Local/nvim/lua/
[00:52:49.194][info] [#0:script\workspace\workspace.lua:42]: Log path: 	C:/Users/HaloGamer33/AppData/Local/nvim-data/mason/packages/lua-language-server/log/file_C_Users_HaloGamer33_AppData_Local_nvim_lua_.log
[00:52:49.226][warn] [#0:script\files.lua:111]: Fix real file uri: file:///c%3A/Users/HaloGamer33/AppData/Local/nvim/lua/ -> file:///c%3A/Users/HaloGamer33/AppData/Local/nvim/lua/lua
[00:52:49.226][info] [#0:script\workspace\workspace.lua:48]: Workspace create: 	file:///c%3A/Users/HaloGamer33/AppData/Local/nvim/lua/lua
[00:52:49.241][warn] [#0:script\config\loader.lua:116]: No config?	{}
[00:52:49.351][warn] [#0:script\config\loader.lua:116]: No config?	{}
[00:52:49.351][info] [#0:script\provider\provider.lua:61]: Load config from client	fallback
[00:52:49.351][info] [#0:script\provider\provider.lua:62]: nil
[00:52:49.460][info] [#0:script\library.lua:212]: Init builtin library at:	file:///c%3A/Users/HaloGamer33/AppData/Local/nvim/lua/lua
[00:52:50.960][info] [#0:script\plugin.lua:86]: plugin path:	C:\Users\HaloGamer33\AppData\Local\nvim\lua\lua
[00:52:50.960][warn] [#0:script\plugin.lua:101]: plugin not found:	C:\Users\HaloGamer33\AppData\Local\nvim\lua\lua
[00:52:50.960][info] [#0:script\library.lua:212]: Init builtin library at:	nil
[00:52:51.116][warn] [#0:script\proto\proto.lua:187]: Method [textDocument/semanticTokens/full] takes [1.881]sec. {
  _closeMessage = "Request cancelled.",
  _closeReason = -32800,
  id = 2,
  jsonrpc = "2.0",
  method = "textDocument/semanticTokens/full",
  params = {
    textDocument = {
      uri = "file:///C:/Users/HaloGamer33/AppData/Local/nvim/lua/plugin-list.lua"
    }
  }
}
[00:52:51.116][info] [#0:script\workspace\workspace.lua:324]: Preload start:	file:///c%3A/Users/HaloGamer33/AppData/Local/nvim/lua/lua
[00:52:51.116][info] [#0:script\workspace\workspace.lua:330]: Scan files at:	file:///c%3A/Users/HaloGamer33/AppData/Local/nvim/lua/lua
[00:52:51.116][info] [#0:script\workspace\workspace.lua:324]: Preload start:	<fallback>
[00:52:51.132][info] [#0:script\workspace\workspace.lua:353]: Scan library at:	file:///c%3A/Users/HaloGamer33/AppData/Local/nvim-data/mason/packages/lua-language-server/meta/Lua%205.4%20en-us%20utf8/math.lua
[00:52:51.351][info] [#0:script\workspace\workspace.lua:353]: Scan library at:	file:///c%3A/Users/HaloGamer33/AppData/Local/nvim-data/mason/packages/lua-language-server/meta/Lua%205.4%20en-us%20utf8/math.lua
[00:52:51.351][info] [#0:script\workspace\workspace.lua:353]: Scan library at:	file:///c%3A/Users/HaloGamer33/AppData/Local/nvim-data/mason/packages/lua-language-server/meta/Lua%205.4%20en-us%20utf8/coroutine.lua
[00:52:51.351][info] [#0:script\workspace\workspace.lua:353]: Scan library at:	file:///c%3A/Users/HaloGamer33/AppData/Local/nvim-data/mason/packages/lua-language-server/meta/Lua%205.4%20en-us%20utf8/coroutine.lua
[00:52:51.351][info] [#0:script\workspace\workspace.lua:353]: Scan library at:	file:///c%3A/Users/HaloGamer33/AppData/Local/nvim-data/mason/packages/lua-language-server/meta/Lua%205.4%20en-us%20utf8/io.lua
[00:52:51.351][info] [#0:script\workspace\workspace.lua:353]: Scan library at:	file:///c%3A/Users/HaloGamer33/AppData/Local/nvim-data/mason/packages/lua-language-server/meta/Lua%205.4%20en-us%20utf8/io.lua
[00:52:51.351][info] [#0:script\workspace\workspace.lua:353]: Scan library at:	file:///c%3A/Users/HaloGamer33/AppData/Local/nvim-data/mason/packages/lua-language-server/meta/Lua%205.4%20en-us%20utf8/debug.lua
[00:52:51.351][info] [#0:script\workspace\workspace.lua:353]: Scan library at:	file:///c%3A/Users/HaloGamer33/AppData/Local/nvim-data/mason/packages/lua-language-server/meta/Lua%205.4%20en-us%20utf8/debug.lua
[00:52:51.351][info] [#0:script\workspace\workspace.lua:353]: Scan library at:	file:///c%3A/Users/HaloGamer33/AppData/Local/nvim-data/mason/packages/lua-language-server/meta/Lua%205.4%20en-us%20utf8/basic.lua
[00:52:51.351][info] [#0:script\workspace\workspace.lua:353]: Scan library at:	file:///c%3A/Users/HaloGamer33/AppData/Local/nvim-data/mason/packages/lua-language-server/meta/Lua%205.4%20en-us%20utf8/basic.lua
[00:52:51.351][info] [#0:script\workspace\workspace.lua:353]: Scan library at:	file:///c%3A/Users/HaloGamer33/AppData/Local/nvim-data/mason/packages/lua-language-server/meta/Lua%205.4%20en-us%20utf8/table.lua
[00:52:51.351][info] [#0:script\workspace\workspace.lua:353]: Scan library at:	file:///c%3A/Users/HaloGamer33/AppData/Local/nvim-data/mason/packages/lua-language-server/meta/Lua%205.4%20en-us%20utf8/table.lua
[00:52:51.351][info] [#0:script\workspace\workspace.lua:353]: Scan library at:	file:///c%3A/Users/HaloGamer33/AppData/Local/nvim-data/mason/packages/lua-language-server/meta/Lua%205.4%20en-us%20utf8/string.lua
[00:52:51.351][info] [#0:script\workspace\workspace.lua:353]: Scan library at:	file:///c%3A/Users/HaloGamer33/AppData/Local/nvim-data/mason/packages/lua-language-server/meta/Lua%205.4%20en-us%20utf8/string.lua
[00:52:51.351][info] [#0:script\workspace\workspace.lua:353]: Scan library at:	file:///c%3A/Users/HaloGamer33/AppData/Local/nvim-data/mason/packages/lua-language-server/meta/Lua%205.4%20en-us%20utf8/utf8.lua
[00:52:51.351][info] [#0:script\workspace\workspace.lua:353]: Scan library at:	file:///c%3A/Users/HaloGamer33/AppData/Local/nvim-data/mason/packages/lua-language-server/meta/Lua%205.4%20en-us%20utf8/utf8.lua
[00:52:51.351][info] [#0:script\workspace\workspace.lua:353]: Scan library at:	file:///c%3A/Users/HaloGamer33/AppData/Local/nvim-data/mason/packages/lua-language-server/meta/Lua%205.4%20en-us%20utf8/package.lua
[00:52:51.351][info] [#0:script\workspace\workspace.lua:353]: Scan library at:	file:///c%3A/Users/HaloGamer33/AppData/Local/nvim-data/mason/packages/lua-language-server/meta/Lua%205.4%20en-us%20utf8/package.lua
[00:52:51.351][info] [#0:script\workspace\workspace.lua:353]: Scan library at:	file:///c%3A/Users/HaloGamer33/AppData/Local/nvim-data/mason/packages/lua-language-server/meta/Lua%205.4%20en-us%20utf8/builtin.lua
[00:52:51.351][info] [#0:script\workspace\workspace.lua:353]: Scan library at:	file:///c%3A/Users/HaloGamer33/AppData/Local/nvim-data/mason/packages/lua-language-server/meta/Lua%205.4%20en-us%20utf8/builtin.lua
[00:52:51.351][info] [#0:script\workspace\workspace.lua:353]: Scan library at:	file:///c%3A/Users/HaloGamer33/AppData/Local/nvim-data/mason/packages/lua-language-server/meta/Lua%205.4%20en-us%20utf8/os.lua
[00:52:51.351][info] [#0:script\workspace\workspace.lua:353]: Scan library at:	file:///c%3A/Users/HaloGamer33/AppData/Local/nvim-data/mason/packages/lua-language-server/meta/Lua%205.4%20en-us%20utf8/os.lua
[00:52:51.476][info] [#0:script\workspace\workspace.lua:379]: Found 11 files at:	<fallback>
[00:52:51.476][info] [#0:script\workspace\loading.lua:161]: Load files from disk:	<fallback>
[00:52:51.476][info] [#0:script\workspace\workspace.lua:379]: Found 11 files at:	file:///c%3A/Users/HaloGamer33/AppData/Local/nvim/lua/lua
[00:52:51.476][info] [#0:script\workspace\loading.lua:161]: Load files from disk:	file:///c%3A/Users/HaloGamer33/AppData/Local/nvim/lua/lua
[00:52:51.585][info] [#0:script\workspace\loading.lua:101]: Preload file at: file:///c%3A/Users/HaloGamer33/AppData/Local/nvim-data/mason/packages/lua-language-server/meta/Lua%205.4%20en-us%20utf8/os.lua , size = 5.600 KB
[00:52:51.585][info] [#0:script\workspace\loading.lua:113]: ++++As library of:	file:///c%3A/Users/HaloGamer33/AppData/Local/nvim-data/mason/packages/lua-language-server/meta/Lua%205.4%20en-us%20utf8/os.lua
[00:52:51.585][info] [#0:script\workspace\loading.lua:101]: Preload file at: file:///c%3A/Users/HaloGamer33/AppData/Local/nvim-data/mason/packages/lua-language-server/meta/Lua%205.4%20en-us%20utf8/builtin.lua , size = 0.302 KB
[00:52:51.585][info] [#0:script\workspace\loading.lua:113]: ++++As library of:	file:///c%3A/Users/HaloGamer33/AppData/Local/nvim-data/mason/packages/lua-language-server/meta/Lua%205.4%20en-us%20utf8/builtin.lua
[00:52:51.585][info] [#0:script\workspace\loading.lua:98]: Skip loaded file: file:///c%3A/Users/HaloGamer33/AppData/Local/nvim-data/mason/packages/lua-language-server/meta/Lua%205.4%20en-us%20utf8/builtin.lua
[00:52:51.585][info] [#0:script\workspace\loading.lua:101]: Preload file at: file:///c%3A/Users/HaloGamer33/AppData/Local/nvim-data/mason/packages/lua-language-server/meta/Lua%205.4%20en-us%20utf8/package.lua , size = 2.944 KB
[00:52:51.601][info] [#0:script\workspace\loading.lua:113]: ++++As library of:	file:///c%3A/Users/HaloGamer33/AppData/Local/nvim-data/mason/packages/lua-language-server/meta/Lua%205.4%20en-us%20utf8/package.lua
[00:52:51.601][info] [#0:script\workspace\loading.lua:98]: Skip loaded file: file:///c%3A/Users/HaloGamer33/AppData/Local/nvim-data/mason/packages/lua-language-server/meta/Lua%205.4%20en-us%20utf8/package.lua
[00:52:51.601][info] [#0:script\workspace\loading.lua:101]: Preload file at: file:///c%3A/Users/HaloGamer33/AppData/Local/nvim-data/mason/packages/lua-language-server/meta/Lua%205.4%20en-us%20utf8/utf8.lua , size = 2.386 KB
[00:52:51.601][info] [#0:script\workspace\loading.lua:113]: ++++As library of:	file:///c%3A/Users/HaloGamer33/AppData/Local/nvim-data/mason/packages/lua-language-server/meta/Lua%205.4%20en-us%20utf8/utf8.lua
[00:52:51.601][info] [#0:script\workspace\loading.lua:98]: Skip loaded file: file:///c%3A/Users/HaloGamer33/AppData/Local/nvim-data/mason/packages/lua-language-server/meta/Lua%205.4%20en-us%20utf8/utf8.lua
[00:52:51.601][info] [#0:script\workspace\loading.lua:101]: Preload file at: file:///c%3A/Users/HaloGamer33/AppData/Local/nvim-data/mason/packages/lua-language-server/meta/Lua%205.4%20en-us%20utf8/string.lua , size = 6.341 KB
[00:52:51.601][info] [#0:script\workspace\loading.lua:113]: ++++As library of:	file:///c%3A/Users/HaloGamer33/AppData/Local/nvim-data/mason/packages/lua-language-server/meta/Lua%205.4%20en-us%20utf8/string.lua
[00:52:51.601][info] [#0:script\workspace\loading.lua:98]: Skip loaded file: file:///c%3A/Users/HaloGamer33/AppData/Local/nvim-data/mason/packages/lua-language-server/meta/Lua%205.4%20en-us%20utf8/os.lua
[00:52:51.601][info] [#0:script\workspace\loading.lua:98]: Skip loaded file: file:///c%3A/Users/HaloGamer33/AppData/Local/nvim-data/mason/packages/lua-language-server/meta/Lua%205.4%20en-us%20utf8/string.lua
[00:52:51.601][info] [#0:script\workspace\loading.lua:101]: Preload file at: file:///c%3A/Users/HaloGamer33/AppData/Local/nvim-data/mason/packages/lua-language-server/meta/Lua%205.4%20en-us%20utf8/table.lua , size = 4.230 KB
[00:52:51.601][info] [#0:script\workspace\loading.lua:113]: ++++As library of:	file:///c%3A/Users/HaloGamer33/AppData/Local/nvim-data/mason/packages/lua-language-server/meta/Lua%205.4%20en-us%20utf8/table.lua
[00:52:51.601][info] [#0:script\workspace\loading.lua:98]: Skip loaded file: file:///c%3A/Users/HaloGamer33/AppData/Local/nvim-data/mason/packages/lua-language-server/meta/Lua%205.4%20en-us%20utf8/table.lua
[00:52:51.601][info] [#0:script\workspace\loading.lua:101]: Preload file at: file:///c%3A/Users/HaloGamer33/AppData/Local/nvim-data/mason/packages/lua-language-server/meta/Lua%205.4%20en-us%20utf8/basic.lua , size = 15.336 KB
[00:52:51.601][info] [#0:script\workspace\loading.lua:113]: ++++As library of:	file:///c%3A/Users/HaloGamer33/AppData/Local/nvim-data/mason/packages/lua-language-server/meta/Lua%205.4%20en-us%20utf8/basic.lua
[00:52:51.601][info] [#0:script\workspace\loading.lua:101]: Preload file at: file:///c%3A/Users/HaloGamer33/AppData/Local/nvim-data/mason/packages/lua-language-server/meta/Lua%205.4%20en-us%20utf8/debug.lua , size = 7.637 KB
[00:52:51.601][info] [#0:script\workspace\loading.lua:113]: ++++As library of:	file:///c%3A/Users/HaloGamer33/AppData/Local/nvim-data/mason/packages/lua-language-server/meta/Lua%205.4%20en-us%20utf8/debug.lua
[00:52:51.601][info] [#0:script\workspace\loading.lua:98]: Skip loaded file: file:///c%3A/Users/HaloGamer33/AppData/Local/nvim-data/mason/packages/lua-language-server/meta/Lua%205.4%20en-us%20utf8/basic.lua
[00:52:51.601][info] [#0:script\workspace\loading.lua:98]: Skip loaded file: file:///c%3A/Users/HaloGamer33/AppData/Local/nvim-data/mason/packages/lua-language-server/meta/Lua%205.4%20en-us%20utf8/debug.lua
[00:52:51.601][info] [#0:script\workspace\loading.lua:101]: Preload file at: file:///c%3A/Users/HaloGamer33/AppData/Local/nvim-data/mason/packages/lua-language-server/meta/Lua%205.4%20en-us%20utf8/io.lua , size = 6.364 KB
[00:52:51.616][info] [#0:script\workspace\loading.lua:113]: ++++As library of:	file:///c%3A/Users/HaloGamer33/AppData/Local/nvim-data/mason/packages/lua-language-server/meta/Lua%205.4%20en-us%20utf8/io.lua
[00:52:51.616][info] [#0:script\workspace\loading.lua:98]: Skip loaded file: file:///c%3A/Users/HaloGamer33/AppData/Local/nvim-data/mason/packages/lua-language-server/meta/Lua%205.4%20en-us%20utf8/io.lua
[00:52:51.616][info] [#0:script\workspace\loading.lua:101]: Preload file at: file:///c%3A/Users/HaloGamer33/AppData/Local/nvim-data/mason/packages/lua-language-server/meta/Lua%205.4%20en-us%20utf8/coroutine.lua , size = 2.590 KB
[00:52:51.616][info] [#0:script\workspace\loading.lua:113]: ++++As library of:	file:///c%3A/Users/HaloGamer33/AppData/Local/nvim-data/mason/packages/lua-language-server/meta/Lua%205.4%20en-us%20utf8/coroutine.lua
[00:52:51.616][info] [#0:script\workspace\loading.lua:98]: Skip loaded file: file:///c%3A/Users/HaloGamer33/AppData/Local/nvim-data/mason/packages/lua-language-server/meta/Lua%205.4%20en-us%20utf8/coroutine.lua
[00:52:51.616][info] [#0:script\workspace\loading.lua:101]: Preload file at: file:///c%3A/Users/HaloGamer33/AppData/Local/nvim-data/mason/packages/lua-language-server/meta/Lua%205.4%20en-us%20utf8/math.lua , size = 8.509 KB
[00:52:51.616][info] [#0:script\workspace\loading.lua:113]: ++++As library of:	file:///c%3A/Users/HaloGamer33/AppData/Local/nvim-data/mason/packages/lua-language-server/meta/Lua%205.4%20en-us%20utf8/math.lua
[00:52:51.616][info] [#0:script\workspace\loading.lua:98]: Skip loaded file: file:///c%3A/Users/HaloGamer33/AppData/Local/nvim-data/mason/packages/lua-language-server/meta/Lua%205.4%20en-us%20utf8/math.lua
[00:52:51.726][info] [#0:script\workspace\loading.lua:173]: Loaded files takes [0.250] sec: <fallback>
[00:52:51.726][info] [#0:script\workspace\loading.lua:182]: Compile files takes [0.000] sec: <fallback>
[00:52:51.726][info] [#0:script\workspace\loading.lua:183]: Loaded finish:	<fallback>
[00:52:51.726][info] [#0:script\workspace\workspace.lua:381]: Preload finish at:	<fallback>
[00:52:51.726][info] [#0:script\workspace\loading.lua:173]: Loaded files takes [0.258] sec: file:///c%3A/Users/HaloGamer33/AppData/Local/nvim/lua/lua
[00:52:51.726][info] [#0:script\workspace\loading.lua:182]: Compile files takes [0.001] sec: file:///c%3A/Users/HaloGamer33/AppData/Local/nvim/lua/lua
[00:52:51.726][info] [#0:script\workspace\loading.lua:183]: Loaded finish:	file:///c%3A/Users/HaloGamer33/AppData/Local/nvim/lua/lua
[00:52:51.726][info] [#0:script\workspace\workspace.lua:381]: Preload finish at:	file:///c%3A/Users/HaloGamer33/AppData/Local/nvim/lua/lua
[00:52:51.741][warn] [#0:script\proto\proto.lua:187]: Method [textDocument/didOpen] takes [2.507]sec. {
  jsonrpc = "2.0",
  method = "textDocument/didOpen",
  params = {
    textDocument = {
      languageId = "lua",
      text = '"***"',
      uri = "file:///C:/Users/HaloGamer33/AppData/Local/nvim/lua/plugin-list.lua",
      version = 0
    }
  }
}
[00:52:51.757][info] [#0:script\provider\diagnostic.lua:557]: Diagnostics scope [file:///c%3A/Users/HaloGamer33/AppData/Local/nvim/lua/lua], files count:[11]
[00:52:51.757][warn] [#0:script\proto\proto.lua:187]: Method [textDocument/semanticTokens/full] takes [0.635]sec. {
  id = 3,
  jsonrpc = "2.0",
  method = "textDocument/semanticTokens/full",
  params = {
    textDocument = {
      uri = "file:///C:/Users/HaloGamer33/AppData/Local/nvim/lua/plugin-list.lua"
    }
  }
}
[00:52:51.757][info] [#0:script\provider\diagnostic.lua:574]: Diagnostics scope [file:///c%3A/Users/HaloGamer33/AppData/Local/nvim/lua/lua] finished, takes [0.001] sec.
[00:53:12.882][info] [#0:script\provider\provider.lua:169]: Server shutdown.
[00:53:12.882][warn] [#0:script\pub\report.lua:25]: Load proto error:	Disconnected!
